Using pre-set license
Built from '2020.3/staging' branch; Version is '2020.3.3f1 (76626098c1c4) revision 7758432'; Using compiler version '192528614'; Build Type 'Release'
OS: 'Windows 10 Pro; OS build 19043.1348; Version 2009; 64bit' Language: 'en' Physical Memory: 16335 MB
BatchMode: 1, IsHumanControllingUs: 0, StartBugReporterOnCrash: 0, Is64bit: 1, IsPro: 0

 COMMAND LINE ARGUMENTS:
C:\Program Files\Unity\Hub\Editor\2020.3.3f1\Editor\Unity.exe
-adb2
-batchMode
-noUpm
-name
AssetImportWorker0
-projectPath
D:/User/Work/Job Applications/Plat Loot Studios/Rui-Guo-Breakout-Clone
-logFile
Logs/AssetImportWorker0.log
-srvPort
54164
Successfully changed project path to: D:/User/Work/Job Applications/Plat Loot Studios/Rui-Guo-Breakout-Clone
D:/User/Work/Job Applications/Plat Loot Studios/Rui-Guo-Breakout-Clone
Using Asset Import Pipeline V2.
Refreshing native plugins compatible for Editor in 61.74 ms, found 0 plugins.
Preloading 0 native plugins for Editor in 0.00 ms.
Initialize engine version: 2020.3.3f1 (76626098c1c4)
[Subsystems] Discovering subsystems at path C:/Program Files/Unity/Hub/Editor/2020.3.3f1/Editor/Data/Resources/UnitySubsystems
[Subsystems] Discovering subsystems at path D:/User/Work/Job Applications/Plat Loot Studios/Rui-Guo-Breakout-Clone/Assets
GfxDevice: creating device client; threaded=0
Direct3D:
    Version:  Direct3D 11.0 [level 11.1]
    Renderer: NVIDIA GeForce GTX 1080 (ID=0x1b80)
    Vendor:   
    VRAM:     8079 MB
    Driver:   27.21.14.5671
Shader 'Universal Render Pipeline/Particles/Lit': fallback shader 'Universal Render Pipeline/Particles/SimpleLit' not found
Initialize mono
Mono path[0] = 'C:/Program Files/Unity/Hub/Editor/2020.3.3f1/Editor/Data/Managed'
Mono path[1] = 'C:/Program Files/Unity/Hub/Editor/2020.3.3f1/Editor/Data/MonoBleedingEdge/lib/mono/unityjit'
Mono config path = 'C:/Program Files/Unity/Hub/Editor/2020.3.3f1/Editor/Data/MonoBleedingEdge/etc'
Using monoOptions --debugger-agent=transport=dt_socket,embedding=1,server=y,suspend=n,address=127.0.0.1:56724
Begin MonoManager ReloadAssembly
Registering precompiled unity dll's ...
Register platform support module: C:/Program Files/Unity/Hub/Editor/2020.3.3f1/Editor/Data/PlaybackEngines/WindowsStandaloneSupport/UnityEditor.WindowsStandalone.Extensions.dll
Registered in 0.002466 seconds.
Native extension for WindowsStandalone target not found
Refreshing native plugins compatible for Editor in 75.26 ms, found 0 plugins.
Preloading 0 native plugins for Editor in 0.00 ms.
Invoked RoslynAnalysisRunner static constructor.
RoslynAnalysisRunner will not be running.
RoslynAnalysisRunner has terminated.
Mono: successfully reloaded assembly
- Completed reload, in  3.048 seconds
Platform modules already initialized, skipping
Registering precompiled user dll's ...
Registered in 0.003547 seconds.
Begin MonoManager ReloadAssembly
Native extension for WindowsStandalone target not found
Refreshing native plugins compatible for Editor in 55.77 ms, found 0 plugins.
Preloading 0 native plugins for Editor in 0.00 ms.
Invoked RoslynAnalysisRunner static constructor.
RoslynAnalysisRunner will not be running.
RoslynAnalysisRunner has terminated.
Mono: successfully reloaded assembly
- Completed reload, in  1.345 seconds
Platform modules already initialized, skipping
========================================================================
Worker process is ready to serve import requests
Shader 'Universal Render Pipeline/Particles/Lit': fallback shader 'Universal Render Pipeline/Particles/SimpleLit' not found
Launched and connected shader compiler UnityShaderCompiler.exe after 0.07 seconds
Refreshing native plugins compatible for Editor in 0.64 ms, found 0 plugins.
Preloading 0 native plugins for Editor in 0.00 ms.
Unloading 3265 Unused Serialized files (Serialized files now loaded: 0)
System memory in use before: 160.8 MB.
System memory in use after: 161.0 MB.

Unloading 14 unused Assets to reduce memory usage. Loaded Objects now: 3727.
Total: 8.759000 ms (FindLiveObjects: 0.853600 ms CreateObjectMapping: 0.687200 ms MarkObjects: 7.126700 ms  DeleteObjects: 0.087500 ms)

========================================================================
Received Import Request.
  path: Assets/Resources/Prefabs/Ball.prefab
  artifactKey: Guid(c44f9966da63cda42a93012860aeb49f) Importer(815301076,1909f56bfc062723c751e8b465ee728b)
Start importing Assets/Resources/Prefabs/Ball.prefab using Guid(c44f9966da63cda42a93012860aeb49f) Importer(815301076,1909f56bfc062723c751e8b465ee728b)  -> (artifact id: '2d66c1009c61a5931388d503ca7ccfec') in 0.298262 seconds
  Import took 0.323301 seconds .

========================================================================
Received Import Request.
  Time since last request: 0.150524 seconds.
  path: Assets/Resources/Prefabs/Ball.prefab
  artifactKey: Guid(c44f9966da63cda42a93012860aeb49f) Importer(815301076,1909f56bfc062723c751e8b465ee728b)
Start importing Assets/Resources/Prefabs/Ball.prefab using Guid(c44f9966da63cda42a93012860aeb49f) Importer(815301076,1909f56bfc062723c751e8b465ee728b)  -> (artifact id: '2d66c1009c61a5931388d503ca7ccfec') in 0.028670 seconds
  Import took 0.035945 seconds .

========================================================================
Received Prepare
Registering precompiled user dll's ...
Registered in 0.004566 seconds.
Begin MonoManager ReloadAssembly
Native extension for WindowsStandalone target not found
Refreshing native plugins compatible for Editor in 0.63 ms, found 0 plugins.
Preloading 0 native plugins for Editor in 0.00 ms.
Invoked RoslynAnalysisRunner static constructor.
RoslynAnalysisRunner will not be running.
RoslynAnalysisRunner has terminated.
Mono: successfully reloaded assembly
- Completed reload, in  1.225 seconds
Platform modules already initialized, skipping
Shader 'Universal Render Pipeline/Particles/Lit': fallback shader 'Universal Render Pipeline/Particles/SimpleLit' not found
Refreshing native plugins compatible for Editor in 0.48 ms, found 0 plugins.
Preloading 0 native plugins for Editor in 0.00 ms.
Unloading 3137 Unused Serialized files (Serialized files now loaded: 0)
System memory in use before: 157.2 MB.
System memory in use after: 157.4 MB.

Unloading 10 unused Assets to reduce memory usage. Loaded Objects now: 3776.
Total: 3.375800 ms (FindLiveObjects: 0.365800 ms CreateObjectMapping: 0.149600 ms MarkObjects: 2.797400 ms  DeleteObjects: 0.061200 ms)

========================================================================
Received Import Request.
  Time since last request: 40.796565 seconds.
  path: Assets/Resources/Prefabs/Ball.prefab
  artifactKey: Guid(c44f9966da63cda42a93012860aeb49f) Importer(815301076,1909f56bfc062723c751e8b465ee728b)
Start importing Assets/Resources/Prefabs/Ball.prefab using Guid(c44f9966da63cda42a93012860aeb49f) Importer(815301076,1909f56bfc062723c751e8b465ee728b)  -> (artifact id: '60fa963212d67e4db9b06b7a7b4902c2') in 0.213671 seconds
  Import took 0.238121 seconds .

========================================================================
Received Prepare
Registering precompiled user dll's ...
Registered in 0.004029 seconds.
Begin MonoManager ReloadAssembly
Native extension for WindowsStandalone target not found
Refreshing native plugins compatible for Editor in 0.64 ms, found 0 plugins.
Preloading 0 native plugins for Editor in 0.00 ms.
Invoked RoslynAnalysisRunner static constructor.
RoslynAnalysisRunner will not be running.
RoslynAnalysisRunner has terminated.
Mono: successfully reloaded assembly
- Completed reload, in  1.232 seconds
Platform modules already initialized, skipping
Shader 'Universal Render Pipeline/Particles/Lit': fallback shader 'Universal Render Pipeline/Particles/SimpleLit' not found
Refreshing native plugins compatible for Editor in 0.65 ms, found 0 plugins.
Preloading 0 native plugins for Editor in 0.00 ms.
Unloading 3137 Unused Serialized files (Serialized files now loaded: 0)
System memory in use before: 157.3 MB.
System memory in use after: 157.6 MB.

Unloading 10 unused Assets to reduce memory usage. Loaded Objects now: 3815.
Total: 3.955700 ms (FindLiveObjects: 0.335500 ms CreateObjectMapping: 0.175200 ms MarkObjects: 3.410800 ms  DeleteObjects: 0.032900 ms)

========================================================================
Received Import Request.
  Time since last request: 24.479085 seconds.
  path: Assets/Resources/Prefabs/Ball.prefab
  artifactKey: Guid(c44f9966da63cda42a93012860aeb49f) Importer(815301076,1909f56bfc062723c751e8b465ee728b)
Start importing Assets/Resources/Prefabs/Ball.prefab using Guid(c44f9966da63cda42a93012860aeb49f) Importer(815301076,1909f56bfc062723c751e8b465ee728b)  -> (artifact id: 'a1a6afa1a3ad34721855e3b92cef4fd2') in 0.214801 seconds
  Import took 0.221537 seconds .

========================================================================
Received Prepare
Registering precompiled user dll's ...
Registered in 0.003351 seconds.
Begin MonoManager ReloadAssembly
Native extension for WindowsStandalone target not found
Refreshing native plugins compatible for Editor in 0.50 ms, found 0 plugins.
Preloading 0 native plugins for Editor in 0.00 ms.
Invoked RoslynAnalysisRunner static constructor.
RoslynAnalysisRunner will not be running.
RoslynAnalysisRunner has terminated.
Mono: successfully reloaded assembly
- Completed reload, in  1.202 seconds
Platform modules already initialized, skipping
Shader 'Universal Render Pipeline/Particles/Lit': fallback shader 'Universal Render Pipeline/Particles/SimpleLit' not found
Refreshing native plugins compatible for Editor in 0.96 ms, found 0 plugins.
Preloading 0 native plugins for Editor in 0.00 ms.
Unloading 3137 Unused Serialized files (Serialized files now loaded: 0)
System memory in use before: 157.5 MB.
System memory in use after: 157.7 MB.

Unloading 10 unused Assets to reduce memory usage. Loaded Objects now: 3854.
Total: 3.492800 ms (FindLiveObjects: 0.661100 ms CreateObjectMapping: 0.202700 ms MarkObjects: 2.603700 ms  DeleteObjects: 0.024300 ms)

========================================================================
Received Import Request.
  Time since last request: 21.637394 seconds.
  path: Assets/Resources/Prefabs/Ball.prefab
  artifactKey: Guid(c44f9966da63cda42a93012860aeb49f) Importer(815301076,1909f56bfc062723c751e8b465ee728b)
Start importing Assets/Resources/Prefabs/Ball.prefab using Guid(c44f9966da63cda42a93012860aeb49f) Importer(815301076,1909f56bfc062723c751e8b465ee728b)  -> (artifact id: 'e070e702bdcab81bd13d264806ef21c2') in 0.237331 seconds
  Import took 0.264174 seconds .

========================================================================
Received Import Request.
  Time since last request: 2.035733 seconds.
  path: Assets/Resources/Prefabs/Ball.prefab
  artifactKey: Guid(c44f9966da63cda42a93012860aeb49f) Importer(815301076,1909f56bfc062723c751e8b465ee728b)
Start importing Assets/Resources/Prefabs/Ball.prefab using Guid(c44f9966da63cda42a93012860aeb49f) Importer(815301076,1909f56bfc062723c751e8b465ee728b)  -> (artifact id: 'e070e702bdcab81bd13d264806ef21c2') in 0.015853 seconds
  Import took 0.023044 seconds .

========================================================================
Received Prepare
Registering precompiled user dll's ...
Registered in 0.003636 seconds.
Begin MonoManager ReloadAssembly
Native extension for WindowsStandalone target not found
Refreshing native plugins compatible for Editor in 0.87 ms, found 0 plugins.
Preloading 0 native plugins for Editor in 0.00 ms.
Invoked RoslynAnalysisRunner static constructor.
RoslynAnalysisRunner will not be running.
RoslynAnalysisRunner has terminated.
Mono: successfully reloaded assembly
- Completed reload, in  1.218 seconds
Platform modules already initialized, skipping
Shader 'Universal Render Pipeline/Particles/Lit': fallback shader 'Universal Render Pipeline/Particles/SimpleLit' not found
Refreshing native plugins compatible for Editor in 0.65 ms, found 0 plugins.
Preloading 0 native plugins for Editor in 0.00 ms.
Unloading 3137 Unused Serialized files (Serialized files now loaded: 0)
System memory in use before: 157.7 MB.
System memory in use after: 158.0 MB.

Unloading 10 unused Assets to reduce memory usage. Loaded Objects now: 3893.
Total: 7.445800 ms (FindLiveObjects: 0.672000 ms CreateObjectMapping: 0.311500 ms MarkObjects: 6.435800 ms  DeleteObjects: 0.024600 ms)

========================================================================
Received Import Request.
  Time since last request: 20.254473 seconds.
  path: Assets/Resources/Prefabs/Ball.prefab
  artifactKey: Guid(c44f9966da63cda42a93012860aeb49f) Importer(815301076,1909f56bfc062723c751e8b465ee728b)
Start importing Assets/Resources/Prefabs/Ball.prefab using Guid(c44f9966da63cda42a93012860aeb49f) Importer(815301076,1909f56bfc062723c751e8b465ee728b)  -> (artifact id: '5c4f1003b40e4d1363ab389c8d18534c') in 0.195559 seconds
  Import took 0.216553 seconds .

========================================================================
Received Prepare
Registering precompiled user dll's ...
Registered in 0.004341 seconds.
Begin MonoManager ReloadAssembly
Native extension for WindowsStandalone target not found
Refreshing native plugins compatible for Editor in 0.55 ms, found 0 plugins.
Preloading 0 native plugins for Editor in 0.00 ms.
Invoked RoslynAnalysisRunner static constructor.
RoslynAnalysisRunner will not be running.
RoslynAnalysisRunner has terminated.
Mono: successfully reloaded assembly
- Completed reload, in  1.324 seconds
Platform modules already initialized, skipping
Shader 'Universal Render Pipeline/Particles/Lit': fallback shader 'Universal Render Pipeline/Particles/SimpleLit' not found
Refreshing native plugins compatible for Editor in 0.65 ms, found 0 plugins.
Preloading 0 native plugins for Editor in 0.00 ms.
Unloading 3137 Unused Serialized files (Serialized files now loaded: 0)
System memory in use before: 157.8 MB.
System memory in use after: 158.1 MB.

Unloading 10 unused Assets to reduce memory usage. Loaded Objects now: 3932.
Total: 2.766900 ms (FindLiveObjects: 0.541300 ms CreateObjectMapping: 0.190900 ms MarkObjects: 2.007400 ms  DeleteObjects: 0.024600 ms)

========================================================================
Received Prepare
Registering precompiled user dll's ...
Registered in 0.003430 seconds.
Begin MonoManager ReloadAssembly
Native extension for WindowsStandalone target not found
Refreshing native plugins compatible for Editor in 0.66 ms, found 0 plugins.
Preloading 0 native plugins for Editor in 0.00 ms.
Invoked RoslynAnalysisRunner static constructor.
RoslynAnalysisRunner will not be running.
RoslynAnalysisRunner has terminated.
Mono: successfully reloaded assembly
- Completed reload, in  1.162 seconds
Platform modules already initialized, skipping
Shader 'Universal Render Pipeline/Particles/Lit': fallback shader 'Universal Render Pipeline/Particles/SimpleLit' not found
Refreshing native plugins compatible for Editor in 0.68 ms, found 0 plugins.
Preloading 0 native plugins for Editor in 0.00 ms.
Unloading 3137 Unused Serialized files (Serialized files now loaded: 0)
System memory in use before: 157.9 MB.
System memory in use after: 158.1 MB.

Unloading 10 unused Assets to reduce memory usage. Loaded Objects now: 3935.
Total: 2.599000 ms (FindLiveObjects: 0.345600 ms CreateObjectMapping: 0.171100 ms MarkObjects: 2.063600 ms  DeleteObjects: 0.017700 ms)

========================================================================
Received Import Request.
  Time since last request: 174.884781 seconds.
  path: Assets/Resources/Prefabs/Ball.prefab
  artifactKey: Guid(c44f9966da63cda42a93012860aeb49f) Importer(815301076,1909f56bfc062723c751e8b465ee728b)
Start importing Assets/Resources/Prefabs/Ball.prefab using Guid(c44f9966da63cda42a93012860aeb49f) Importer(815301076,1909f56bfc062723c751e8b465ee728b)  -> (artifact id: '1bc42cb8ca31ebd2dd28c3ef620513af') in 0.201841 seconds
  Import took 0.217728 seconds .

========================================================================
Received Prepare
Registering precompiled user dll's ...
Registered in 0.003171 seconds.
Begin MonoManager ReloadAssembly
Native extension for WindowsStandalone target not found
Refreshing native plugins compatible for Editor in 0.77 ms, found 0 plugins.
Preloading 0 native plugins for Editor in 0.00 ms.
Invoked RoslynAnalysisRunner static constructor.
RoslynAnalysisRunner will not be running.
RoslynAnalysisRunner has terminated.
Mono: successfully reloaded assembly
- Completed reload, in  1.182 seconds
Platform modules already initialized, skipping
Shader 'Universal Render Pipeline/Particles/Lit': fallback shader 'Universal Render Pipeline/Particles/SimpleLit' not found
Refreshing native plugins compatible for Editor in 0.94 ms, found 0 plugins.
Preloading 0 native plugins for Editor in 0.00 ms.
Unloading 3137 Unused Serialized files (Serialized files now loaded: 0)
System memory in use before: 158.0 MB.
System memory in use after: 158.2 MB.

Unloading 10 unused Assets to reduce memory usage. Loaded Objects now: 3974.
Total: 4.982800 ms (FindLiveObjects: 0.537200 ms CreateObjectMapping: 0.274200 ms MarkObjects: 4.104700 ms  DeleteObjects: 0.064600 ms)

========================================================================
Received Import Request.
  Time since last request: 39.269731 seconds.
  path: Assets/Resources/Prefabs/Ball.prefab
  artifactKey: Guid(c44f9966da63cda42a93012860aeb49f) Importer(815301076,1909f56bfc062723c751e8b465ee728b)
Start importing Assets/Resources/Prefabs/Ball.prefab using Guid(c44f9966da63cda42a93012860aeb49f) Importer(815301076,1909f56bfc062723c751e8b465ee728b)  -> (artifact id: 'ce87fdb591c1c07c20d782cf6bf27053') in 0.219668 seconds
  Import took 0.243256 seconds .

========================================================================
Received Prepare
Registering precompiled user dll's ...
Registered in 0.004289 seconds.
Begin MonoManager ReloadAssembly
Native extension for WindowsStandalone target not found
Refreshing native plugins compatible for Editor in 0.49 ms, found 0 plugins.
Preloading 0 native plugins for Editor in 0.00 ms.
Invoked RoslynAnalysisRunner static constructor.
RoslynAnalysisRunner will not be running.
RoslynAnalysisRunner has terminated.
Mono: successfully reloaded assembly
- Completed reload, in  1.094 seconds
Platform modules already initialized, skipping
Shader 'Universal Render Pipeline/Particles/Lit': fallback shader 'Universal Render Pipeline/Particles/SimpleLit' not found
Refreshing native plugins compatible for Editor in 0.57 ms, found 0 plugins.
Preloading 0 native plugins for Editor in 0.00 ms.
Unloading 3137 Unused Serialized files (Serialized files now loaded: 0)
System memory in use before: 158.1 MB.
System memory in use after: 158.3 MB.

Unloading 10 unused Assets to reduce memory usage. Loaded Objects now: 4013.
Total: 3.628300 ms (FindLiveObjects: 0.758500 ms CreateObjectMapping: 0.311600 ms MarkObjects: 2.520800 ms  DeleteObjects: 0.036200 ms)

========================================================================
Received Import Request.
  Time since last request: 40.811239 seconds.
  path: Assets/Resources/Prefabs/Ball.prefab
  artifactKey: Guid(c44f9966da63cda42a93012860aeb49f) Importer(815301076,1909f56bfc062723c751e8b465ee728b)
Start importing Assets/Resources/Prefabs/Ball.prefab using Guid(c44f9966da63cda42a93012860aeb49f) Importer(815301076,1909f56bfc062723c751e8b465ee728b)  -> (artifact id: 'fff7c42ee3fbfc352a3d5166195234bd') in 0.202750 seconds
  Import took 0.229911 seconds .

========================================================================
Received Import Request.
  Time since last request: 2.042561 seconds.
  path: Assets/Resources/Prefabs/Ball.prefab
  artifactKey: Guid(c44f9966da63cda42a93012860aeb49f) Importer(815301076,1909f56bfc062723c751e8b465ee728b)
Start importing Assets/Resources/Prefabs/Ball.prefab using Guid(c44f9966da63cda42a93012860aeb49f) Importer(815301076,1909f56bfc062723c751e8b465ee728b)  -> (artifact id: 'a94f5945231f8d3eab70b9df5321197e') in 0.016408 seconds
  Import took 0.023805 seconds .

========================================================================
Received Import Request.
  Time since last request: 8.899233 seconds.
  path: Assets/Resources/Prefabs/Ball.prefab
  artifactKey: Guid(c44f9966da63cda42a93012860aeb49f) Importer(815301076,1909f56bfc062723c751e8b465ee728b)
Start importing Assets/Resources/Prefabs/Ball.prefab using Guid(c44f9966da63cda42a93012860aeb49f) Importer(815301076,1909f56bfc062723c751e8b465ee728b)  -> (artifact id: 'b363776ab0bf7552565329f16028be2b') in 0.016524 seconds
  Import took 0.022707 seconds .

========================================================================
Received Prepare
Registering precompiled user dll's ...
Registered in 0.005639 seconds.
Begin MonoManager ReloadAssembly
Native extension for WindowsStandalone target not found
Refreshing native plugins compatible for Editor in 0.78 ms, found 0 plugins.
Preloading 0 native plugins for Editor in 0.00 ms.
Invoked RoslynAnalysisRunner static constructor.
RoslynAnalysisRunner will not be running.
RoslynAnalysisRunner has terminated.
Mono: successfully reloaded assembly
- Completed reload, in  1.457 seconds
Platform modules already initialized, skipping
Shader 'Universal Render Pipeline/Particles/Lit': fallback shader 'Universal Render Pipeline/Particles/SimpleLit' not found
Refreshing native plugins compatible for Editor in 0.56 ms, found 0 plugins.
Preloading 0 native plugins for Editor in 0.00 ms.
Unloading 3137 Unused Serialized files (Serialized files now loaded: 0)
System memory in use before: 158.2 MB.
System memory in use after: 158.5 MB.

Unloading 10 unused Assets to reduce memory usage. Loaded Objects now: 4052.
Total: 4.241900 ms (FindLiveObjects: 0.506100 ms CreateObjectMapping: 0.223700 ms MarkObjects: 3.489100 ms  DeleteObjects: 0.021300 ms)

========================================================================
Received Prepare
Registering precompiled user dll's ...
Registered in 0.004314 seconds.
Begin MonoManager ReloadAssembly
Native extension for WindowsStandalone target not found
Refreshing native plugins compatible for Editor in 0.97 ms, found 0 plugins.
Preloading 0 native plugins for Editor in 0.00 ms.
Invoked RoslynAnalysisRunner static constructor.
RoslynAnalysisRunner will not be running.
RoslynAnalysisRunner has terminated.
Mono: successfully reloaded assembly
- Completed reload, in  1.238 seconds
Platform modules already initialized, skipping
Shader 'Universal Render Pipeline/Particles/Lit': fallback shader 'Universal Render Pipeline/Particles/SimpleLit' not found
Refreshing native plugins compatible for Editor in 0.56 ms, found 0 plugins.
Preloading 0 native plugins for Editor in 0.00 ms.
Unloading 3137 Unused Serialized files (Serialized files now loaded: 0)
System memory in use before: 158.2 MB.
System memory in use after: 158.5 MB.

Unloading 10 unused Assets to reduce memory usage. Loaded Objects now: 4055.
Total: 2.852200 ms (FindLiveObjects: 0.352700 ms CreateObjectMapping: 0.158100 ms MarkObjects: 2.321700 ms  DeleteObjects: 0.018200 ms)

========================================================================
Received Prepare
Registering precompiled user dll's ...
Registered in 0.004060 seconds.
Begin MonoManager ReloadAssembly
Native extension for WindowsStandalone target not found
Refreshing native plugins compatible for Editor in 0.60 ms, found 0 plugins.
Preloading 0 native plugins for Editor in 0.00 ms.
Invoked RoslynAnalysisRunner static constructor.
RoslynAnalysisRunner will not be running.
RoslynAnalysisRunner has terminated.
Mono: successfully reloaded assembly
- Completed reload, in  1.441 seconds
Platform modules already initialized, skipping
Shader 'Universal Render Pipeline/Particles/Lit': fallback shader 'Universal Render Pipeline/Particles/SimpleLit' not found
Refreshing native plugins compatible for Editor in 0.60 ms, found 0 plugins.
Preloading 0 native plugins for Editor in 0.00 ms.
Unloading 3137 Unused Serialized files (Serialized files now loaded: 0)
System memory in use before: 158.3 MB.
System memory in use after: 158.5 MB.

Unloading 10 unused Assets to reduce memory usage. Loaded Objects now: 4058.
Total: 3.623400 ms (FindLiveObjects: 0.723000 ms CreateObjectMapping: 0.530400 ms MarkObjects: 2.345900 ms  DeleteObjects: 0.023100 ms)

========================================================================
Received Import Request.
  Time since last request: 167.906875 seconds.
  path: Assets/Resources/Prefabs/Ball.prefab
  artifactKey: Guid(c44f9966da63cda42a93012860aeb49f) Importer(815301076,1909f56bfc062723c751e8b465ee728b)
Start importing Assets/Resources/Prefabs/Ball.prefab using Guid(c44f9966da63cda42a93012860aeb49f) Importer(815301076,1909f56bfc062723c751e8b465ee728b)  -> (artifact id: 'a01d54bea842c6b279aa4384d0664d0c') in 0.196147 seconds
  Import took 0.213831 seconds .

========================================================================
Received Import Request.
  Time since last request: 3.194124 seconds.
  path: Assets/Resources/Prefabs/Ball.prefab
  artifactKey: Guid(c44f9966da63cda42a93012860aeb49f) Importer(815301076,1909f56bfc062723c751e8b465ee728b)
Start importing Assets/Resources/Prefabs/Ball.prefab using Guid(c44f9966da63cda42a93012860aeb49f) Importer(815301076,1909f56bfc062723c751e8b465ee728b)  -> (artifact id: 'd6a4a31e16649fccf90820525e527293') in 0.025556 seconds
  Import took 0.051609 seconds .

========================================================================
Received Prepare
Registering precompiled user dll's ...
Registered in 0.003313 seconds.
Begin MonoManager ReloadAssembly
Native extension for WindowsStandalone target not found
Refreshing native plugins compatible for Editor in 0.84 ms, found 0 plugins.
Preloading 0 native plugins for Editor in 0.00 ms.
Invoked RoslynAnalysisRunner static constructor.
RoslynAnalysisRunner will not be running.
RoslynAnalysisRunner has terminated.
Mono: successfully reloaded assembly
- Completed reload, in  1.442 seconds
Platform modules already initialized, skipping
Shader 'Universal Render Pipeline/Particles/Lit': fallback shader 'Universal Render Pipeline/Particles/SimpleLit' not found
Refreshing native plugins compatible for Editor in 0.68 ms, found 0 plugins.
Preloading 0 native plugins for Editor in 0.00 ms.
Unloading 3137 Unused Serialized files (Serialized files now loaded: 0)
System memory in use before: 158.4 MB.
System memory in use after: 158.6 MB.

Unloading 10 unused Assets to reduce memory usage. Loaded Objects now: 4097.
Total: 3.281400 ms (FindLiveObjects: 0.447600 ms CreateObjectMapping: 0.208800 ms MarkObjects: 2.605900 ms  DeleteObjects: 0.017400 ms)

========================================================================
Received Import Request.
  Time since last request: 84.559261 seconds.
  path: Assets/Resources/Prefabs/Ball.prefab
  artifactKey: Guid(c44f9966da63cda42a93012860aeb49f) Importer(815301076,1909f56bfc062723c751e8b465ee728b)
Start importing Assets/Resources/Prefabs/Ball.prefab using Guid(c44f9966da63cda42a93012860aeb49f) Importer(815301076,1909f56bfc062723c751e8b465ee728b)  -> (artifact id: 'd1dd18f60c0c3204920f01abb7bb00ba') in 0.217689 seconds
  Import took 0.249023 seconds .

========================================================================
Received Prepare
Registering precompiled user dll's ...
Registered in 0.004230 seconds.
Begin MonoManager ReloadAssembly
Native extension for WindowsStandalone target not found
Refreshing native plugins compatible for Editor in 0.60 ms, found 0 plugins.
Preloading 0 native plugins for Editor in 0.00 ms.
Invoked RoslynAnalysisRunner static constructor.
RoslynAnalysisRunner will not be running.
RoslynAnalysisRunner has terminated.
Mono: successfully reloaded assembly
- Completed reload, in  1.151 seconds
Platform modules already initialized, skipping
Shader 'Universal Render Pipeline/Particles/Lit': fallback shader 'Universal Render Pipeline/Particles/SimpleLit' not found
Refreshing native plugins compatible for Editor in 0.53 ms, found 0 plugins.
Preloading 0 native plugins for Editor in 0.00 ms.
Unloading 3137 Unused Serialized files (Serialized files now loaded: 0)
System memory in use before: 158.5 MB.
System memory in use after: 158.7 MB.

Unloading 10 unused Assets to reduce memory usage. Loaded Objects now: 4136.
Total: 3.637000 ms (FindLiveObjects: 0.709400 ms CreateObjectMapping: 0.371200 ms MarkObjects: 2.514600 ms  DeleteObjects: 0.040800 ms)

========================================================================
Received Import Request.
  Time since last request: 24.399672 seconds.
  path: Assets/Resources/Prefabs/Ball.prefab
  artifactKey: Guid(c44f9966da63cda42a93012860aeb49f) Importer(815301076,1909f56bfc062723c751e8b465ee728b)
Start importing Assets/Resources/Prefabs/Ball.prefab using Guid(c44f9966da63cda42a93012860aeb49f) Importer(815301076,1909f56bfc062723c751e8b465ee728b)  -> (artifact id: 'a5106f4d1a90782ec226135a5ca00b7c') in 0.209822 seconds
  Import took 0.218098 seconds .

========================================================================
Received Prepare
Registering precompiled user dll's ...
Registered in 0.003471 seconds.
Begin MonoManager ReloadAssembly
Native extension for WindowsStandalone target not found
Refreshing native plugins compatible for Editor in 0.56 ms, found 0 plugins.
Preloading 0 native plugins for Editor in 0.00 ms.
Invoked RoslynAnalysisRunner static constructor.
RoslynAnalysisRunner will not be running.
RoslynAnalysisRunner has terminated.
Mono: successfully reloaded assembly
- Completed reload, in  1.266 seconds
Platform modules already initialized, skipping
Shader 'Universal Render Pipeline/Particles/Lit': fallback shader 'Universal Render Pipeline/Particles/SimpleLit' not found
Refreshing native plugins compatible for Editor in 0.65 ms, found 0 plugins.
Preloading 0 native plugins for Editor in 0.00 ms.
Unloading 3137 Unused Serialized files (Serialized files now loaded: 0)
System memory in use before: 158.6 MB.
System memory in use after: 158.9 MB.

Unloading 10 unused Assets to reduce memory usage. Loaded Objects now: 4175.
Total: 2.860000 ms (FindLiveObjects: 0.495500 ms CreateObjectMapping: 0.205800 ms MarkObjects: 2.127400 ms  DeleteObjects: 0.028400 ms)

========================================================================
Received Import Request.
  Time since last request: 26.551177 seconds.
  path: Assets/Resources/Prefabs/Ball.prefab
  artifactKey: Guid(c44f9966da63cda42a93012860aeb49f) Importer(815301076,1909f56bfc062723c751e8b465ee728b)
Start importing Assets/Resources/Prefabs/Ball.prefab using Guid(c44f9966da63cda42a93012860aeb49f) Importer(815301076,1909f56bfc062723c751e8b465ee728b)  -> (artifact id: '68843d74a36bee3a61bdafb9080720ee') in 0.198481 seconds
  Import took 0.222120 seconds .

========================================================================
Received Prepare
Registering precompiled user dll's ...
Registered in 0.003490 seconds.
Begin MonoManager ReloadAssembly
Native extension for WindowsStandalone target not found
Refreshing native plugins compatible for Editor in 0.49 ms, found 0 plugins.
Preloading 0 native plugins for Editor in 0.00 ms.
Invoked RoslynAnalysisRunner static constructor.
RoslynAnalysisRunner will not be running.
RoslynAnalysisRunner has terminated.
Mono: successfully reloaded assembly
- Completed reload, in  1.185 seconds
Platform modules already initialized, skipping
Shader 'Universal Render Pipeline/Particles/Lit': fallback shader 'Universal Render Pipeline/Particles/SimpleLit' not found
Refreshing native plugins compatible for Editor in 0.71 ms, found 0 plugins.
Preloading 0 native plugins for Editor in 0.00 ms.
Unloading 3137 Unused Serialized files (Serialized files now loaded: 0)
System memory in use before: 158.7 MB.
System memory in use after: 159.0 MB.

Unloading 10 unused Assets to reduce memory usage. Loaded Objects now: 4214.
Total: 3.987200 ms (FindLiveObjects: 0.683900 ms CreateObjectMapping: 0.281300 ms MarkObjects: 2.982200 ms  DeleteObjects: 0.038200 ms)

========================================================================
Received Import Request.
  Time since last request: 21.298821 seconds.
  path: Assets/Resources/Prefabs/Ball.prefab
  artifactKey: Guid(c44f9966da63cda42a93012860aeb49f) Importer(815301076,1909f56bfc062723c751e8b465ee728b)
Start importing Assets/Resources/Prefabs/Ball.prefab using Guid(c44f9966da63cda42a93012860aeb49f) Importer(815301076,1909f56bfc062723c751e8b465ee728b)  -> (artifact id: '5f25a17bc15c5e45370d10069ebee1c7') in 0.257296 seconds
  Import took 0.285884 seconds .

========================================================================
Received Prepare
Registering precompiled user dll's ...
Registered in 0.002987 seconds.
Begin MonoManager ReloadAssembly
Native extension for WindowsStandalone target not found
Refreshing native plugins compatible for Editor in 0.84 ms, found 0 plugins.
Preloading 0 native plugins for Editor in 0.00 ms.
Invoked RoslynAnalysisRunner static constructor.
RoslynAnalysisRunner will not be running.
RoslynAnalysisRunner has terminated.
Mono: successfully reloaded assembly
- Completed reload, in  1.171 seconds
Platform modules already initialized, skipping
Shader 'Universal Render Pipeline/Particles/Lit': fallback shader 'Universal Render Pipeline/Particles/SimpleLit' not found
Refreshing native plugins compatible for Editor in 0.49 ms, found 0 plugins.
Preloading 0 native plugins for Editor in 0.00 ms.
Unloading 3137 Unused Serialized files (Serialized files now loaded: 0)
System memory in use before: 158.9 MB.
System memory in use after: 159.1 MB.

Unloading 10 unused Assets to reduce memory usage. Loaded Objects now: 4253.
Total: 2.906800 ms (FindLiveObjects: 0.431000 ms CreateObjectMapping: 0.216400 ms MarkObjects: 2.204300 ms  DeleteObjects: 0.054200 ms)

========================================================================
Received Import Request.
  Time since last request: 30.053559 seconds.
  path: Assets/Resources/Prefabs/Ball.prefab
  artifactKey: Guid(c44f9966da63cda42a93012860aeb49f) Importer(815301076,1909f56bfc062723c751e8b465ee728b)
Start importing Assets/Resources/Prefabs/Ball.prefab using Guid(c44f9966da63cda42a93012860aeb49f) Importer(815301076,1909f56bfc062723c751e8b465ee728b)  -> (artifact id: 'cc7a0fcbc45a3cd882c02a1b1287ab63') in 0.180504 seconds
  Import took 0.185933 seconds .

========================================================================
Received Import Request.
  Time since last request: 4.137206 seconds.
  path: Assets/Resources/Prefabs/Ball.prefab
  artifactKey: Guid(c44f9966da63cda42a93012860aeb49f) Importer(815301076,1909f56bfc062723c751e8b465ee728b)
Start importing Assets/Resources/Prefabs/Ball.prefab using Guid(c44f9966da63cda42a93012860aeb49f) Importer(815301076,1909f56bfc062723c751e8b465ee728b)  -> (artifact id: '592bc1f0863588522d580572ecf5a333') in 0.043274 seconds
  Import took 0.069432 seconds .

========================================================================
Received Import Request.
  Time since last request: 22.183605 seconds.
  path: Assets/Resources/Prefabs/Ball.prefab
  artifactKey: Guid(c44f9966da63cda42a93012860aeb49f) Importer(815301076,1909f56bfc062723c751e8b465ee728b)
Start importing Assets/Resources/Prefabs/Ball.prefab using Guid(c44f9966da63cda42a93012860aeb49f) Importer(815301076,1909f56bfc062723c751e8b465ee728b)  -> (artifact id: '25e8460113cf2e69cbe9c801c2874bee') in 0.016903 seconds
  Import took 0.033021 seconds .

========================================================================
Received Prepare
Registering precompiled user dll's ...
Registered in 0.003346 seconds.
Begin MonoManager ReloadAssembly
Native extension for WindowsStandalone target not found
Refreshing native plugins compatible for Editor in 0.49 ms, found 0 plugins.
Preloading 0 native plugins for Editor in 0.00 ms.
Invoked RoslynAnalysisRunner static constructor.
RoslynAnalysisRunner will not be running.
RoslynAnalysisRunner has terminated.
Mono: successfully reloaded assembly
- Completed reload, in  1.234 seconds
Platform modules already initialized, skipping
Shader 'Universal Render Pipeline/Particles/Lit': fallback shader 'Universal Render Pipeline/Particles/SimpleLit' not found
Refreshing native plugins compatible for Editor in 0.69 ms, found 0 plugins.
Preloading 0 native plugins for Editor in 0.00 ms.
Unloading 3137 Unused Serialized files (Serialized files now loaded: 0)
System memory in use before: 159.0 MB.
System memory in use after: 159.3 MB.

Unloading 10 unused Assets to reduce memory usage. Loaded Objects now: 4292.
Total: 3.405500 ms (FindLiveObjects: 0.411200 ms CreateObjectMapping: 0.146300 ms MarkObjects: 2.824700 ms  DeleteObjects: 0.022400 ms)

========================================================================
Received Import Request.
  Time since last request: 22.478337 seconds.
  path: Assets/Resources/Prefabs/Ball.prefab
  artifactKey: Guid(c44f9966da63cda42a93012860aeb49f) Importer(815301076,1909f56bfc062723c751e8b465ee728b)
Start importing Assets/Resources/Prefabs/Ball.prefab using Guid(c44f9966da63cda42a93012860aeb49f) Importer(815301076,1909f56bfc062723c751e8b465ee728b)  -> (artifact id: 'ef2a758d0ec44758eabca38f0c7024cb') in 0.192420 seconds
  Import took 0.217909 seconds .

========================================================================
Received Prepare
Registering precompiled user dll's ...
Registered in 0.003282 seconds.
Begin MonoManager ReloadAssembly
Native extension for WindowsStandalone target not found
Refreshing native plugins compatible for Editor in 0.60 ms, found 0 plugins.
Preloading 0 native plugins for Editor in 0.00 ms.
Invoked RoslynAnalysisRunner static constructor.
RoslynAnalysisRunner will not be running.
RoslynAnalysisRunner has terminated.
Mono: successfully reloaded assembly
- Completed reload, in  1.193 seconds
Platform modules already initialized, skipping
Shader 'Universal Render Pipeline/Particles/Lit': fallback shader 'Universal Render Pipeline/Particles/SimpleLit' not found
Refreshing native plugins compatible for Editor in 0.59 ms, found 0 plugins.
Preloading 0 native plugins for Editor in 0.00 ms.
Unloading 3137 Unused Serialized files (Serialized files now loaded: 0)
System memory in use before: 159.1 MB.
System memory in use after: 159.4 MB.

Unloading 10 unused Assets to reduce memory usage. Loaded Objects now: 4331.
Total: 3.455700 ms (FindLiveObjects: 0.355900 ms CreateObjectMapping: 0.149800 ms MarkObjects: 2.930600 ms  DeleteObjects: 0.018300 ms)

========================================================================
Received Import Request.
  Time since last request: 22.863132 seconds.
  path: Assets/Resources/Prefabs/Ball.prefab
  artifactKey: Guid(c44f9966da63cda42a93012860aeb49f) Importer(815301076,1909f56bfc062723c751e8b465ee728b)
Start importing Assets/Resources/Prefabs/Ball.prefab using Guid(c44f9966da63cda42a93012860aeb49f) Importer(815301076,1909f56bfc062723c751e8b465ee728b)  -> (artifact id: '10aef86e0fa50deaad9bbae8fdc6740d') in 0.188418 seconds
  Import took 0.194915 seconds .

========================================================================
Received Prepare
Registering precompiled user dll's ...
Registered in 0.003435 seconds.
Begin MonoManager ReloadAssembly
Native extension for WindowsStandalone target not found
Refreshing native plugins compatible for Editor in 0.54 ms, found 0 plugins.
Preloading 0 native plugins for Editor in 0.00 ms.
Invoked RoslynAnalysisRunner static constructor.
RoslynAnalysisRunner will not be running.
RoslynAnalysisRunner has terminated.
Mono: successfully reloaded assembly
- Completed reload, in  1.119 seconds
Platform modules already initialized, skipping
Shader 'Universal Render Pipeline/Particles/Lit': fallback shader 'Universal Render Pipeline/Particles/SimpleLit' not found
Refreshing native plugins compatible for Editor in 0.51 ms, found 0 plugins.
Preloading 0 native plugins for Editor in 0.00 ms.
Unloading 3137 Unused Serialized files (Serialized files now loaded: 0)
System memory in use before: 159.3 MB.
System memory in use after: 159.5 MB.

Unloading 10 unused Assets to reduce memory usage. Loaded Objects now: 4370.
Total: 5.081800 ms (FindLiveObjects: 0.540000 ms CreateObjectMapping: 0.193800 ms MarkObjects: 4.307300 ms  DeleteObjects: 0.039300 ms)

========================================================================
Received Import Request.
  Time since last request: 41.711520 seconds.
  path: Assets/Resources/Prefabs/Ball.prefab
  artifactKey: Guid(c44f9966da63cda42a93012860aeb49f) Importer(815301076,1909f56bfc062723c751e8b465ee728b)
Start importing Assets/Resources/Prefabs/Ball.prefab using Guid(c44f9966da63cda42a93012860aeb49f) Importer(815301076,1909f56bfc062723c751e8b465ee728b)  -> (artifact id: '75a8740949afc03687a27b46eaae7d91') in 0.191467 seconds
  Import took 0.206803 seconds .

========================================================================
Received Prepare
Registering precompiled user dll's ...
Registered in 0.002866 seconds.
Begin MonoManager ReloadAssembly
Native extension for WindowsStandalone target not found
Refreshing native plugins compatible for Editor in 0.83 ms, found 0 plugins.
Preloading 0 native plugins for Editor in 0.00 ms.
Invoked RoslynAnalysisRunner static constructor.
RoslynAnalysisRunner will not be running.
RoslynAnalysisRunner has terminated.
Mono: successfully reloaded assembly
- Completed reload, in  1.266 seconds
Platform modules already initialized, skipping
Shader 'Universal Render Pipeline/Particles/Lit': fallback shader 'Universal Render Pipeline/Particles/SimpleLit' not found
Refreshing native plugins compatible for Editor in 0.60 ms, found 0 plugins.
Preloading 0 native plugins for Editor in 0.00 ms.
Unloading 3137 Unused Serialized files (Serialized files now loaded: 0)
System memory in use before: 159.4 MB.
System memory in use after: 159.6 MB.

Unloading 10 unused Assets to reduce memory usage. Loaded Objects now: 4409.
Total: 3.839100 ms (FindLiveObjects: 0.728700 ms CreateObjectMapping: 0.260700 ms MarkObjects: 2.797300 ms  DeleteObjects: 0.050800 ms)

========================================================================
Received Import Request.
  Time since last request: 29.174533 seconds.
  path: Assets/Resources/Prefabs/Ball.prefab
  artifactKey: Guid(c44f9966da63cda42a93012860aeb49f) Importer(815301076,1909f56bfc062723c751e8b465ee728b)
Start importing Assets/Resources/Prefabs/Ball.prefab using Guid(c44f9966da63cda42a93012860aeb49f) Importer(815301076,1909f56bfc062723c751e8b465ee728b)  -> (artifact id: 'efb55c89870567e829f3a9769ed4dff7') in 0.232140 seconds
  Import took 0.245881 seconds .

========================================================================
Received Import Request.
  Time since last request: 11.033492 seconds.
  path: Assets/Resources/Prefabs/Ball.prefab
  artifactKey: Guid(c44f9966da63cda42a93012860aeb49f) Importer(815301076,1909f56bfc062723c751e8b465ee728b)
Start importing Assets/Resources/Prefabs/Ball.prefab using Guid(c44f9966da63cda42a93012860aeb49f) Importer(815301076,1909f56bfc062723c751e8b465ee728b)  -> (artifact id: '3f96063ab32f54108d9890ffc2487155') in 0.018360 seconds
  Import took 0.035097 seconds .

========================================================================
Received Prepare
Registering precompiled user dll's ...
Registered in 0.003210 seconds.
Begin MonoManager ReloadAssembly
Native extension for WindowsStandalone target not found
Refreshing native plugins compatible for Editor in 0.49 ms, found 0 plugins.
Preloading 0 native plugins for Editor in 0.00 ms.
Invoked RoslynAnalysisRunner static constructor.
RoslynAnalysisRunner will not be running.
RoslynAnalysisRunner has terminated.
Mono: successfully reloaded assembly
- Completed reload, in  1.177 seconds
Platform modules already initialized, skipping
Shader 'Universal Render Pipeline/Particles/Lit': fallback shader 'Universal Render Pipeline/Particles/SimpleLit' not found
Refreshing native plugins compatible for Editor in 0.90 ms, found 0 plugins.
Preloading 0 native plugins for Editor in 0.00 ms.
Unloading 3137 Unused Serialized files (Serialized files now loaded: 0)
System memory in use before: 159.5 MB.
System memory in use after: 159.8 MB.

Unloading 10 unused Assets to reduce memory usage. Loaded Objects now: 4448.
Total: 6.023900 ms (FindLiveObjects: 1.025600 ms CreateObjectMapping: 0.329900 ms MarkObjects: 4.636100 ms  DeleteObjects: 0.030700 ms)

========================================================================
Received Prepare
Registering precompiled user dll's ...
Registered in 0.004248 seconds.
Begin MonoManager ReloadAssembly
Native extension for WindowsStandalone target not found
Refreshing native plugins compatible for Editor in 0.73 ms, found 0 plugins.
Preloading 0 native plugins for Editor in 0.00 ms.
Invoked RoslynAnalysisRunner static constructor.
RoslynAnalysisRunner will not be running.
RoslynAnalysisRunner has terminated.
Mono: successfully reloaded assembly
- Completed reload, in  1.141 seconds
Platform modules already initialized, skipping
Shader 'Universal Render Pipeline/Particles/Lit': fallback shader 'Universal Render Pipeline/Particles/SimpleLit' not found
Refreshing native plugins compatible for Editor in 1.21 ms, found 0 plugins.
Preloading 0 native plugins for Editor in 0.00 ms.
Unloading 3137 Unused Serialized files (Serialized files now loaded: 0)
System memory in use before: 159.5 MB.
System memory in use after: 159.8 MB.

Unloading 10 unused Assets to reduce memory usage. Loaded Objects now: 4451.
Total: 4.100400 ms (FindLiveObjects: 0.585400 ms CreateObjectMapping: 0.185400 ms MarkObjects: 3.306400 ms  DeleteObjects: 0.021600 ms)

========================================================================
Received Prepare
Registering precompiled user dll's ...
Registered in 0.004535 seconds.
Begin MonoManager ReloadAssembly
Native extension for WindowsStandalone target not found
Refreshing native plugins compatible for Editor in 0.57 ms, found 0 plugins.
Preloading 0 native plugins for Editor in 0.00 ms.
Invoked RoslynAnalysisRunner static constructor.
RoslynAnalysisRunner will not be running.
RoslynAnalysisRunner has terminated.
Mono: successfully reloaded assembly
- Completed reload, in  1.157 seconds
Platform modules already initialized, skipping
Shader 'Universal Render Pipeline/Particles/Lit': fallback shader 'Universal Render Pipeline/Particles/SimpleLit' not found
Refreshing native plugins compatible for Editor in 0.55 ms, found 0 plugins.
Preloading 0 native plugins for Editor in 0.00 ms.
Unloading 3137 Unused Serialized files (Serialized files now loaded: 0)
System memory in use before: 159.5 MB.
System memory in use after: 159.8 MB.

Unloading 10 unused Assets to reduce memory usage. Loaded Objects now: 4454.
Total: 3.717900 ms (FindLiveObjects: 0.655100 ms CreateObjectMapping: 0.226600 ms MarkObjects: 2.812500 ms  DeleteObjects: 0.022400 ms)

========================================================================
Received Import Request.
  Time since last request: 849.036928 seconds.
  path: Assets/Scripts/TestTrail.cs
  artifactKey: Guid(681e43db6948d924d9a93909755182d8) Importer(815301076,1909f56bfc062723c751e8b465ee728b)
Start importing Assets/Scripts/TestTrail.cs using Guid(681e43db6948d924d9a93909755182d8) Importer(815301076,1909f56bfc062723c751e8b465ee728b)  -> (artifact id: 'e5c75d473a67c9f4d1a3bceb4c150d35') in 0.016348 seconds
  Import took 0.047512 seconds .

========================================================================
Received Prepare
Registering precompiled user dll's ...
Registered in 0.003900 seconds.
Begin MonoManager ReloadAssembly
Native extension for WindowsStandalone target not found
Refreshing native plugins compatible for Editor in 0.53 ms, found 0 plugins.
Preloading 0 native plugins for Editor in 0.00 ms.
Invoked RoslynAnalysisRunner static constructor.
RoslynAnalysisRunner will not be running.
RoslynAnalysisRunner has terminated.
Mono: successfully reloaded assembly
- Completed reload, in  1.254 seconds
Platform modules already initialized, skipping
Shader 'Universal Render Pipeline/Particles/Lit': fallback shader 'Universal Render Pipeline/Particles/SimpleLit' not found
Refreshing native plugins compatible for Editor in 0.54 ms, found 0 plugins.
Preloading 0 native plugins for Editor in 0.00 ms.
Unloading 3138 Unused Serialized files (Serialized files now loaded: 0)
System memory in use before: 159.6 MB.
System memory in use after: 159.8 MB.

Unloading 10 unused Assets to reduce memory usage. Loaded Objects now: 4458.
Total: 4.306400 ms (FindLiveObjects: 0.668200 ms CreateObjectMapping: 0.354900 ms MarkObjects: 3.255000 ms  DeleteObjects: 0.027100 ms)

========================================================================
Received Import Request.
  Time since last request: 36.598813 seconds.
  path: Assets/Scripts/TimedTrailRenderer.cs
  artifactKey: Guid(681e43db6948d924d9a93909755182d8) Importer(815301076,1909f56bfc062723c751e8b465ee728b)
Start importing Assets/Scripts/TimedTrailRenderer.cs using Guid(681e43db6948d924d9a93909755182d8) Importer(815301076,1909f56bfc062723c751e8b465ee728b)  -> (artifact id: '866ce91849cb664fe6f6fc73f8f6617a') in 0.011845 seconds
  Import took 8.606174 seconds .

========================================================================
Received Prepare
Registering precompiled user dll's ...
Registered in 0.004490 seconds.
Begin MonoManager ReloadAssembly
Native extension for WindowsStandalone target not found
Refreshing native plugins compatible for Editor in 0.50 ms, found 0 plugins.
Preloading 0 native plugins for Editor in 0.00 ms.
Invoked RoslynAnalysisRunner static constructor.
RoslynAnalysisRunner will not be running.
RoslynAnalysisRunner has terminated.
Mono: successfully reloaded assembly
- Completed reload, in  1.233 seconds
Platform modules already initialized, skipping
Shader 'Universal Render Pipeline/Particles/Lit': fallback shader 'Universal Render Pipeline/Particles/SimpleLit' not found
Refreshing native plugins compatible for Editor in 0.54 ms, found 0 plugins.
Preloading 0 native plugins for Editor in 0.00 ms.
Unloading 3138 Unused Serialized files (Serialized files now loaded: 0)
System memory in use before: 159.6 MB.
System memory in use after: 159.8 MB.

Unloading 10 unused Assets to reduce memory usage. Loaded Objects now: 4461.
Total: 3.700700 ms (FindLiveObjects: 0.422100 ms CreateObjectMapping: 0.155300 ms MarkObjects: 3.094100 ms  DeleteObjects: 0.027900 ms)

========================================================================
Received Prepare
Registering precompiled user dll's ...
Registered in 0.003020 seconds.
Begin MonoManager ReloadAssembly
Native extension for WindowsStandalone target not found
Refreshing native plugins compatible for Editor in 0.91 ms, found 0 plugins.
Preloading 0 native plugins for Editor in 0.00 ms.
Invoked RoslynAnalysisRunner static constructor.
RoslynAnalysisRunner will not be running.
RoslynAnalysisRunner has terminated.
Mono: successfully reloaded assembly
- Completed reload, in  1.348 seconds
Platform modules already initialized, skipping
Shader 'Universal Render Pipeline/Particles/Lit': fallback shader 'Universal Render Pipeline/Particles/SimpleLit' not found
Refreshing native plugins compatible for Editor in 0.57 ms, found 0 plugins.
Preloading 0 native plugins for Editor in 0.00 ms.
Unloading 3139 Unused Serialized files (Serialized files now loaded: 0)
System memory in use before: 159.6 MB.
System memory in use after: 159.9 MB.

Unloading 10 unused Assets to reduce memory usage. Loaded Objects now: 4465.
Total: 3.045100 ms (FindLiveObjects: 0.506500 ms CreateObjectMapping: 0.164900 ms MarkObjects: 2.350800 ms  DeleteObjects: 0.021600 ms)

========================================================================
Received Prepare
Registering precompiled user dll's ...
Registered in 0.004093 seconds.
Begin MonoManager ReloadAssembly
Native extension for WindowsStandalone target not found
Refreshing native plugins compatible for Editor in 0.61 ms, found 0 plugins.
Preloading 0 native plugins for Editor in 0.00 ms.
Invoked RoslynAnalysisRunner static constructor.
RoslynAnalysisRunner will not be running.
RoslynAnalysisRunner has terminated.
Mono: successfully reloaded assembly
- Completed reload, in  1.203 seconds
Platform modules already initialized, skipping
Shader 'Universal Render Pipeline/Particles/Lit': fallback shader 'Universal Render Pipeline/Particles/SimpleLit' not found
Refreshing native plugins compatible for Editor in 0.50 ms, found 0 plugins.
Preloading 0 native plugins for Editor in 0.00 ms.
Unloading 3139 Unused Serialized files (Serialized files now loaded: 0)
System memory in use before: 159.6 MB.
System memory in use after: 159.9 MB.

Unloading 10 unused Assets to reduce memory usage. Loaded Objects now: 4468.
Total: 5.178900 ms (FindLiveObjects: 0.571500 ms CreateObjectMapping: 0.176100 ms MarkObjects: 4.408000 ms  DeleteObjects: 0.022100 ms)

========================================================================
Received Import Request.
  Time since last request: 152.250330 seconds.
  path: Assets/Resources/Prefabs/Ball.prefab
  artifactKey: Guid(c44f9966da63cda42a93012860aeb49f) Importer(815301076,1909f56bfc062723c751e8b465ee728b)
Start importing Assets/Resources/Prefabs/Ball.prefab using Guid(c44f9966da63cda42a93012860aeb49f) Importer(815301076,1909f56bfc062723c751e8b465ee728b)  -> (artifact id: 'b97d876158ff6cf518a179f4829d82d1') in 0.215872 seconds
  Import took 0.234715 seconds .

========================================================================
Received Import Request.
  Time since last request: 11.288836 seconds.
  path: Assets/Resources/Prefabs/Ball.prefab
  artifactKey: Guid(c44f9966da63cda42a93012860aeb49f) Importer(815301076,1909f56bfc062723c751e8b465ee728b)
Start importing Assets/Resources/Prefabs/Ball.prefab using Guid(c44f9966da63cda42a93012860aeb49f) Importer(815301076,1909f56bfc062723c751e8b465ee728b)  -> (artifact id: '79a1cc366082f44825a1b189abd0b427') in 0.010273 seconds
  Import took 0.033540 seconds .

========================================================================
Received Import Request.
  Time since last request: 2.414491 seconds.
  path: Assets/Resources/Prefabs/Ball.prefab
  artifactKey: Guid(c44f9966da63cda42a93012860aeb49f) Importer(815301076,1909f56bfc062723c751e8b465ee728b)
Start importing Assets/Resources/Prefabs/Ball.prefab using Guid(c44f9966da63cda42a93012860aeb49f) Importer(815301076,1909f56bfc062723c751e8b465ee728b)  -> (artifact id: '35f45ec9d106cc39af44565ff72a0dfa') in 0.010432 seconds
  Import took 0.040130 seconds .

========================================================================
Received Import Request.
  Time since last request: 1.628756 seconds.
  path: Assets/Resources/Prefabs/Ball.prefab
  artifactKey: Guid(c44f9966da63cda42a93012860aeb49f) Importer(815301076,1909f56bfc062723c751e8b465ee728b)
Start importing Assets/Resources/Prefabs/Ball.prefab using Guid(c44f9966da63cda42a93012860aeb49f) Importer(815301076,1909f56bfc062723c751e8b465ee728b)  -> (artifact id: '25d220543e57cda06fbbfa1d40101fc0') in 0.015796 seconds
  Import took 0.021200 seconds .

========================================================================
Received Import Request.
  Time since last request: 2.273437 seconds.
  path: Assets/Resources/Prefabs/Ball.prefab
  artifactKey: Guid(c44f9966da63cda42a93012860aeb49f) Importer(815301076,1909f56bfc062723c751e8b465ee728b)
Start importing Assets/Resources/Prefabs/Ball.prefab using Guid(c44f9966da63cda42a93012860aeb49f) Importer(815301076,1909f56bfc062723c751e8b465ee728b)  -> (artifact id: '60e8c1e42c9d5614eb48a6ce01cea478') in 0.009516 seconds
  Import took 0.025637 seconds .

========================================================================
Received Import Request.
  Time since last request: 2.591936 seconds.
  path: Assets/Resources/Prefabs/Ball.prefab
  artifactKey: Guid(c44f9966da63cda42a93012860aeb49f) Importer(815301076,1909f56bfc062723c751e8b465ee728b)
Start importing Assets/Resources/Prefabs/Ball.prefab using Guid(c44f9966da63cda42a93012860aeb49f) Importer(815301076,1909f56bfc062723c751e8b465ee728b)  -> (artifact id: '488c392d2264e76b3083ec2a3ea852dd') in 0.009239 seconds
  Import took 0.036722 seconds .

========================================================================
Received Import Request.
  Time since last request: 2.318157 seconds.
  path: Assets/Resources/Prefabs/Ball.prefab
  artifactKey: Guid(c44f9966da63cda42a93012860aeb49f) Importer(815301076,1909f56bfc062723c751e8b465ee728b)
Start importing Assets/Resources/Prefabs/Ball.prefab using Guid(c44f9966da63cda42a93012860aeb49f) Importer(815301076,1909f56bfc062723c751e8b465ee728b)  -> (artifact id: '7aab4913fbfdc4e3e2dafdd37e0e2dc4') in 0.008751 seconds
  Import took 0.020808 seconds .

========================================================================
Received Prepare
Registering precompiled user dll's ...
Registered in 0.003740 seconds.
Begin MonoManager ReloadAssembly
Native extension for WindowsStandalone target not found
Refreshing native plugins compatible for Editor in 0.59 ms, found 0 plugins.
Preloading 0 native plugins for Editor in 0.00 ms.
Invoked RoslynAnalysisRunner static constructor.
RoslynAnalysisRunner will not be running.
RoslynAnalysisRunner has terminated.
Mono: successfully reloaded assembly
- Completed reload, in  1.213 seconds
Platform modules already initialized, skipping
Shader 'Universal Render Pipeline/Particles/Lit': fallback shader 'Universal Render Pipeline/Particles/SimpleLit' not found
Refreshing native plugins compatible for Editor in 0.63 ms, found 0 plugins.
Preloading 0 native plugins for Editor in 0.00 ms.
Unloading 3139 Unused Serialized files (Serialized files now loaded: 0)
System memory in use before: 159.8 MB.
System memory in use after: 160.0 MB.

Unloading 11 unused Assets to reduce memory usage. Loaded Objects now: 4507.
Total: 3.463500 ms (FindLiveObjects: 0.474700 ms CreateObjectMapping: 0.233100 ms MarkObjects: 2.729100 ms  DeleteObjects: 0.025800 ms)

========================================================================
Received Import Request.
  Time since last request: 23.908649 seconds.
  path: Assets/Resources/Prefabs/Ball.prefab
  artifactKey: Guid(c44f9966da63cda42a93012860aeb49f) Importer(815301076,1909f56bfc062723c751e8b465ee728b)
Start importing Assets/Resources/Prefabs/Ball.prefab using Guid(c44f9966da63cda42a93012860aeb49f) Importer(815301076,1909f56bfc062723c751e8b465ee728b)  -> (artifact id: '6798291e922adbb604033c32c00a0690') in 0.191427 seconds
  Import took 0.216437 seconds .

========================================================================
Received Import Request.
  Time since last request: 1.353369 seconds.
  path: Assets/Resources/Prefabs/Ball.prefab
  artifactKey: Guid(c44f9966da63cda42a93012860aeb49f) Importer(815301076,1909f56bfc062723c751e8b465ee728b)
Start importing Assets/Resources/Prefabs/Ball.prefab using Guid(c44f9966da63cda42a93012860aeb49f) Importer(815301076,1909f56bfc062723c751e8b465ee728b)  -> (artifact id: '6798291e922adbb604033c32c00a0690') in 0.009069 seconds
  Import took 0.015857 seconds .

========================================================================
Received Prepare
Registering precompiled user dll's ...
Registered in 0.003582 seconds.
Begin MonoManager ReloadAssembly
Native extension for WindowsStandalone target not found
Refreshing native plugins compatible for Editor in 0.49 ms, found 0 plugins.
Preloading 0 native plugins for Editor in 0.00 ms.
Invoked RoslynAnalysisRunner static constructor.
RoslynAnalysisRunner will not be running.
RoslynAnalysisRunner has terminated.
Mono: successfully reloaded assembly
- Completed reload, in  1.195 seconds
Platform modules already initialized, skipping
Shader 'Universal Render Pipeline/Particles/Lit': fallback shader 'Universal Render Pipeline/Particles/SimpleLit' not found
Refreshing native plugins compatible for Editor in 0.90 ms, found 0 plugins.
Preloading 0 native plugins for Editor in 0.00 ms.
Unloading 3139 Unused Serialized files (Serialized files now loaded: 0)
System memory in use before: 159.9 MB.
System memory in use after: 160.2 MB.

Unloading 11 unused Assets to reduce memory usage. Loaded Objects now: 4546.
Total: 4.108000 ms (FindLiveObjects: 0.468400 ms CreateObjectMapping: 0.263800 ms MarkObjects: 3.350700 ms  DeleteObjects: 0.023500 ms)

========================================================================
Received Import Request.
  Time since last request: 34.510931 seconds.
  path: Assets/Resources/Prefabs/Ball.prefab
  artifactKey: Guid(c44f9966da63cda42a93012860aeb49f) Importer(815301076,1909f56bfc062723c751e8b465ee728b)
Start importing Assets/Resources/Prefabs/Ball.prefab using Guid(c44f9966da63cda42a93012860aeb49f) Importer(815301076,1909f56bfc062723c751e8b465ee728b)  -> (artifact id: '9a8706938c89a0029cbe9cc6b13a76da') in 0.180386 seconds
  Import took 0.299445 seconds .

========================================================================
Received Prepare
Registering precompiled user dll's ...
Registered in 0.003579 seconds.
Begin MonoManager ReloadAssembly
Native extension for WindowsStandalone target not found
Refreshing native plugins compatible for Editor in 0.81 ms, found 0 plugins.
Preloading 0 native plugins for Editor in 0.00 ms.
Invoked RoslynAnalysisRunner static constructor.
RoslynAnalysisRunner will not be running.
RoslynAnalysisRunner has terminated.
Mono: successfully reloaded assembly
- Completed reload, in  1.280 seconds
Platform modules already initialized, skipping
Shader 'Universal Render Pipeline/Particles/Lit': fallback shader 'Universal Render Pipeline/Particles/SimpleLit' not found
Refreshing native plugins compatible for Editor in 0.52 ms, found 0 plugins.
Preloading 0 native plugins for Editor in 0.00 ms.
Unloading 3137 Unused Serialized files (Serialized files now loaded: 0)
System memory in use before: 160.0 MB.
System memory in use after: 160.2 MB.

Unloading 11 unused Assets to reduce memory usage. Loaded Objects now: 4583.
Total: 3.715700 ms (FindLiveObjects: 0.627700 ms CreateObjectMapping: 0.203800 ms MarkObjects: 2.857400 ms  DeleteObjects: 0.024600 ms)

========================================================================
Received Prepare
Registering precompiled user dll's ...
Registered in 0.005207 seconds.
Begin MonoManager ReloadAssembly
Native extension for WindowsStandalone target not found
Refreshing native plugins compatible for Editor in 0.57 ms, found 0 plugins.
Preloading 0 native plugins for Editor in 0.00 ms.
Invoked RoslynAnalysisRunner static constructor.
RoslynAnalysisRunner will not be running.
RoslynAnalysisRunner has terminated.
Mono: successfully reloaded assembly
- Completed reload, in  1.292 seconds
Platform modules already initialized, skipping
Shader 'Universal Render Pipeline/Particles/Lit': fallback shader 'Universal Render Pipeline/Particles/SimpleLit' not found
Refreshing native plugins compatible for Editor in 0.66 ms, found 0 plugins.
Preloading 0 native plugins for Editor in 0.00 ms.
Unloading 3137 Unused Serialized files (Serialized files now loaded: 0)
System memory in use before: 160.0 MB.
System memory in use after: 160.2 MB.

Unloading 10 unused Assets to reduce memory usage. Loaded Objects now: 4586.
Total: 2.811900 ms (FindLiveObjects: 0.410800 ms CreateObjectMapping: 0.154900 ms MarkObjects: 2.226800 ms  DeleteObjects: 0.018100 ms)

========================================================================
Received Prepare
Registering precompiled user dll's ...
Registered in 0.007986 seconds.
Begin MonoManager ReloadAssembly
Native extension for WindowsStandalone target not found
Refreshing native plugins compatible for Editor in 0.61 ms, found 0 plugins.
Preloading 0 native plugins for Editor in 0.00 ms.
Invoked RoslynAnalysisRunner static constructor.
RoslynAnalysisRunner will not be running.
RoslynAnalysisRunner has terminated.
Mono: successfully reloaded assembly
- Completed reload, in  1.236 seconds
Platform modules already initialized, skipping
Shader 'Universal Render Pipeline/Particles/Lit': fallback shader 'Universal Render Pipeline/Particles/SimpleLit' not found
Refreshing native plugins compatible for Editor in 0.51 ms, found 0 plugins.
Preloading 0 native plugins for Editor in 0.00 ms.
Unloading 3137 Unused Serialized files (Serialized files now loaded: 0)
System memory in use before: 160.0 MB.
System memory in use after: 160.2 MB.

Unloading 10 unused Assets to reduce memory usage. Loaded Objects now: 4589.
Total: 5.735300 ms (FindLiveObjects: 0.730600 ms CreateObjectMapping: 0.297100 ms MarkObjects: 4.671400 ms  DeleteObjects: 0.034800 ms)

========================================================================
Received Prepare
Registering precompiled user dll's ...
Registered in 0.003771 seconds.
Begin MonoManager ReloadAssembly
Native extension for WindowsStandalone target not found
Refreshing native plugins compatible for Editor in 1.06 ms, found 0 plugins.
Preloading 0 native plugins for Editor in 0.00 ms.
Invoked RoslynAnalysisRunner static constructor.
RoslynAnalysisRunner will not be running.
RoslynAnalysisRunner has terminated.
Mono: successfully reloaded assembly
- Completed reload, in  1.804 seconds
Platform modules already initialized, skipping
Shader 'Universal Render Pipeline/Particles/Lit': fallback shader 'Universal Render Pipeline/Particles/SimpleLit' not found
Refreshing native plugins compatible for Editor in 1.39 ms, found 0 plugins.
Preloading 0 native plugins for Editor in 0.00 ms.
Unloading 3137 Unused Serialized files (Serialized files now loaded: 0)
System memory in use before: 160.0 MB.
System memory in use after: 160.3 MB.

Unloading 10 unused Assets to reduce memory usage. Loaded Objects now: 4592.
Total: 6.647500 ms (FindLiveObjects: 0.616200 ms CreateObjectMapping: 0.560400 ms MarkObjects: 5.440600 ms  DeleteObjects: 0.028900 ms)

========================================================================
Received Import Request.
  Time since last request: 266.995057 seconds.
  path: Assets/Resources/VFX/BlockBreak.prefab
  artifactKey: Guid(1bac44589f4a4b54fb6f4d7d696e111d) Importer(815301076,1909f56bfc062723c751e8b465ee728b)
Start importing Assets/Resources/VFX/BlockBreak.prefab using Guid(1bac44589f4a4b54fb6f4d7d696e111d) Importer(815301076,1909f56bfc062723c751e8b465ee728b)  -> (artifact id: 'e69745d9fdaf4d4234e8bf2cd84a16e8') in 0.068990 seconds
  Import took 0.094011 seconds .

========================================================================
Received Import Request.
  Time since last request: 2.893495 seconds.
  path: Assets/Resources/VFX/BlockBreak.prefab
  artifactKey: Guid(1bac44589f4a4b54fb6f4d7d696e111d) Importer(815301076,1909f56bfc062723c751e8b465ee728b)
Start importing Assets/Resources/VFX/BlockBreak.prefab using Guid(1bac44589f4a4b54fb6f4d7d696e111d) Importer(815301076,1909f56bfc062723c751e8b465ee728b)  -> (artifact id: 'e7a48ad0d5068cc9e1eeb50bffb33ee5') in 0.005536 seconds
  Import took 0.027772 seconds .

========================================================================
Received Import Request.
  Time since last request: 4.296892 seconds.
  path: Assets/Resources/VFX/BlockBreak.prefab
  artifactKey: Guid(1bac44589f4a4b54fb6f4d7d696e111d) Importer(815301076,1909f56bfc062723c751e8b465ee728b)
Start importing Assets/Resources/VFX/BlockBreak.prefab using Guid(1bac44589f4a4b54fb6f4d7d696e111d) Importer(815301076,1909f56bfc062723c751e8b465ee728b)  -> (artifact id: '110ce4d9a5ca2ed81f98f06aa60625c2') in 0.004666 seconds
  Import took 0.024242 seconds .

========================================================================
Received Import Request.
  Time since last request: 6.036569 seconds.
  path: Assets/Resources/VFX/BlockBreak.prefab
  artifactKey: Guid(1bac44589f4a4b54fb6f4d7d696e111d) Importer(815301076,1909f56bfc062723c751e8b465ee728b)
Start importing Assets/Resources/VFX/BlockBreak.prefab using Guid(1bac44589f4a4b54fb6f4d7d696e111d) Importer(815301076,1909f56bfc062723c751e8b465ee728b)  -> (artifact id: '61101d9440b2b8c86073f09b347e9f8b') in 0.005293 seconds
  Import took 0.011528 seconds .

========================================================================
Received Import Request.
  Time since last request: 2.777287 seconds.
  path: Assets/Resources/VFX/BlockBreak.prefab
  artifactKey: Guid(1bac44589f4a4b54fb6f4d7d696e111d) Importer(815301076,1909f56bfc062723c751e8b465ee728b)
Start importing Assets/Resources/VFX/BlockBreak.prefab using Guid(1bac44589f4a4b54fb6f4d7d696e111d) Importer(815301076,1909f56bfc062723c751e8b465ee728b)  -> (artifact id: '4700543dbb19e4ab2ce02c0989c3e626') in 0.004174 seconds
  Import took 0.019766 seconds .

========================================================================
Received Import Request.
  Time since last request: 2.635721 seconds.
  path: Assets/Resources/VFX/BlockBreak.prefab
  artifactKey: Guid(1bac44589f4a4b54fb6f4d7d696e111d) Importer(815301076,1909f56bfc062723c751e8b465ee728b)
Start importing Assets/Resources/VFX/BlockBreak.prefab using Guid(1bac44589f4a4b54fb6f4d7d696e111d) Importer(815301076,1909f56bfc062723c751e8b465ee728b)  -> (artifact id: '1c4b4da49200a361a1f6086f5a9fb2af') in 0.003730 seconds
  Import took 0.010749 seconds .

========================================================================
Received Import Request.
  Time since last request: 3.913686 seconds.
  path: Assets/Resources/VFX/BlockBreak.prefab
  artifactKey: Guid(1bac44589f4a4b54fb6f4d7d696e111d) Importer(815301076,1909f56bfc062723c751e8b465ee728b)
Start importing Assets/Resources/VFX/BlockBreak.prefab using Guid(1bac44589f4a4b54fb6f4d7d696e111d) Importer(815301076,1909f56bfc062723c751e8b465ee728b)  -> (artifact id: '19cfb8639a37ef46b2d4291920f5e47d') in 0.005091 seconds
  Import took 0.029865 seconds .

========================================================================
Received Import Request.
  Time since last request: 12.126724 seconds.
  path: Assets/Resources/VFX/BlockBreak.prefab
  artifactKey: Guid(1bac44589f4a4b54fb6f4d7d696e111d) Importer(815301076,1909f56bfc062723c751e8b465ee728b)
Start importing Assets/Resources/VFX/BlockBreak.prefab using Guid(1bac44589f4a4b54fb6f4d7d696e111d) Importer(815301076,1909f56bfc062723c751e8b465ee728b)  -> (artifact id: 'a936a41ff2caf6a79dd0f3702d816507') in 0.003968 seconds
  Import took 0.010653 seconds .

========================================================================
Received Import Request.
  Time since last request: 9.591817 seconds.
  path: Assets/Resources/VFX/BlockBreak.prefab
  artifactKey: Guid(1bac44589f4a4b54fb6f4d7d696e111d) Importer(815301076,1909f56bfc062723c751e8b465ee728b)
Start importing Assets/Resources/VFX/BlockBreak.prefab using Guid(1bac44589f4a4b54fb6f4d7d696e111d) Importer(815301076,1909f56bfc062723c751e8b465ee728b)  -> (artifact id: 'a938f5e58d716657eb2ec63204def049') in 0.005970 seconds
  Import took 0.012907 seconds .

========================================================================
Received Import Request.
  Time since last request: 6.100297 seconds.
  path: Assets/Resources/VFX/BlockBreak.prefab
  artifactKey: Guid(1bac44589f4a4b54fb6f4d7d696e111d) Importer(815301076,1909f56bfc062723c751e8b465ee728b)
Start importing Assets/Resources/VFX/BlockBreak.prefab using Guid(1bac44589f4a4b54fb6f4d7d696e111d) Importer(815301076,1909f56bfc062723c751e8b465ee728b)  -> (artifact id: '7df09eddb216ce8c6259483c2d336b54') in 0.007154 seconds
  Import took 0.024088 seconds .

========================================================================
Received Import Request.
  Time since last request: 5.721387 seconds.
  path: Assets/Resources/VFX/BlockBreak.prefab
  artifactKey: Guid(1bac44589f4a4b54fb6f4d7d696e111d) Importer(815301076,1909f56bfc062723c751e8b465ee728b)
Start importing Assets/Resources/VFX/BlockBreak.prefab using Guid(1bac44589f4a4b54fb6f4d7d696e111d) Importer(815301076,1909f56bfc062723c751e8b465ee728b)  -> (artifact id: 'dac00a535927772149d89e60a00129c8') in 0.005126 seconds
  Import took 0.017647 seconds .

========================================================================
Received Import Request.
  Time since last request: 2.746496 seconds.
  path: Assets/Resources/VFX/BlockBreak.prefab
  artifactKey: Guid(1bac44589f4a4b54fb6f4d7d696e111d) Importer(815301076,1909f56bfc062723c751e8b465ee728b)
Start importing Assets/Resources/VFX/BlockBreak.prefab using Guid(1bac44589f4a4b54fb6f4d7d696e111d) Importer(815301076,1909f56bfc062723c751e8b465ee728b)  -> (artifact id: 'b534791effdf507c35a8283306b51684') in 0.004208 seconds
  Import took 0.010644 seconds .

========================================================================
Received Import Request.
  Time since last request: 2.706663 seconds.
  path: Assets/Resources/VFX/BlockBreak.prefab
  artifactKey: Guid(1bac44589f4a4b54fb6f4d7d696e111d) Importer(815301076,1909f56bfc062723c751e8b465ee728b)
Start importing Assets/Resources/VFX/BlockBreak.prefab using Guid(1bac44589f4a4b54fb6f4d7d696e111d) Importer(815301076,1909f56bfc062723c751e8b465ee728b)  -> (artifact id: '564b117534661a3c3b607476446380ec') in 0.004448 seconds
  Import took 0.019680 seconds .

========================================================================
Received Import Request.
  Time since last request: 2.425016 seconds.
  path: Assets/Resources/VFX/BlockBreak.prefab
  artifactKey: Guid(1bac44589f4a4b54fb6f4d7d696e111d) Importer(815301076,1909f56bfc062723c751e8b465ee728b)
Start importing Assets/Resources/VFX/BlockBreak.prefab using Guid(1bac44589f4a4b54fb6f4d7d696e111d) Importer(815301076,1909f56bfc062723c751e8b465ee728b)  -> (artifact id: '12a92cff34b1680ecc481ccf6da80159') in 0.003938 seconds
  Import took 0.012804 seconds .

========================================================================
Received Import Request.
  Time since last request: 5.775010 seconds.
  path: Assets/Resources/VFX/BlockBreak.prefab
  artifactKey: Guid(1bac44589f4a4b54fb6f4d7d696e111d) Importer(815301076,1909f56bfc062723c751e8b465ee728b)
Start importing Assets/Resources/VFX/BlockBreak.prefab using Guid(1bac44589f4a4b54fb6f4d7d696e111d) Importer(815301076,1909f56bfc062723c751e8b465ee728b)  -> (artifact id: '4e3aae35a44bcfa5f0fa70253b120ffc') in 0.004106 seconds
  Import took 0.023517 seconds .

========================================================================
Received Import Request.
  Time since last request: 10.011942 seconds.
  path: Assets/Resources/VFX/BlockBreak.prefab
  artifactKey: Guid(1bac44589f4a4b54fb6f4d7d696e111d) Importer(815301076,1909f56bfc062723c751e8b465ee728b)
Start importing Assets/Resources/VFX/BlockBreak.prefab using Guid(1bac44589f4a4b54fb6f4d7d696e111d) Importer(815301076,1909f56bfc062723c751e8b465ee728b)  -> (artifact id: 'f6fb70434d0635e09656019cad9bb054') in 0.004487 seconds
  Import took 0.010041 seconds .

========================================================================
Received Import Request.
  Time since last request: 3.502077 seconds.
  path: Assets/Resources/VFX/BlockBreak.prefab
  artifactKey: Guid(1bac44589f4a4b54fb6f4d7d696e111d) Importer(815301076,1909f56bfc062723c751e8b465ee728b)
Start importing Assets/Resources/VFX/BlockBreak.prefab using Guid(1bac44589f4a4b54fb6f4d7d696e111d) Importer(815301076,1909f56bfc062723c751e8b465ee728b)  -> (artifact id: 'f5eaf4affbe1856ffd8d0e68bb3440be') in 0.004161 seconds
  Import took 0.009862 seconds .

========================================================================
Received Import Request.
  Time since last request: 5.051407 seconds.
  path: Assets/Resources/VFX/BlockBreak.prefab
  artifactKey: Guid(1bac44589f4a4b54fb6f4d7d696e111d) Importer(815301076,1909f56bfc062723c751e8b465ee728b)
Start importing Assets/Resources/VFX/BlockBreak.prefab using Guid(1bac44589f4a4b54fb6f4d7d696e111d) Importer(815301076,1909f56bfc062723c751e8b465ee728b)  -> (artifact id: '9ad37c326150668f21fcdf9d900183bc') in 0.004837 seconds
  Import took 0.012485 seconds .

========================================================================
Received Import Request.
  Time since last request: 5.646248 seconds.
  path: Assets/Resources/VFX/BlockBreak.prefab
  artifactKey: Guid(1bac44589f4a4b54fb6f4d7d696e111d) Importer(815301076,1909f56bfc062723c751e8b465ee728b)
Start importing Assets/Resources/VFX/BlockBreak.prefab using Guid(1bac44589f4a4b54fb6f4d7d696e111d) Importer(815301076,1909f56bfc062723c751e8b465ee728b)  -> (artifact id: '2d08ab178baa34a615df524a0b3df6cb') in 0.004606 seconds
  Import took 0.011792 seconds .

========================================================================
Received Import Request.
  Time since last request: 3.843131 seconds.
  path: Assets/Resources/VFX/BlockBreak.prefab
  artifactKey: Guid(1bac44589f4a4b54fb6f4d7d696e111d) Importer(815301076,1909f56bfc062723c751e8b465ee728b)
Start importing Assets/Resources/VFX/BlockBreak.prefab using Guid(1bac44589f4a4b54fb6f4d7d696e111d) Importer(815301076,1909f56bfc062723c751e8b465ee728b)  -> (artifact id: '6a2abf73887c2401673036b21ebcf209') in 0.004190 seconds
  Import took 0.028845 seconds .

========================================================================
Received Import Request.
  Time since last request: 1.665703 seconds.
  path: Assets/Resources/VFX/BlockBreak.prefab
  artifactKey: Guid(1bac44589f4a4b54fb6f4d7d696e111d) Importer(815301076,1909f56bfc062723c751e8b465ee728b)
Start importing Assets/Resources/VFX/BlockBreak.prefab using Guid(1bac44589f4a4b54fb6f4d7d696e111d) Importer(815301076,1909f56bfc062723c751e8b465ee728b)  -> (artifact id: 'acf95a6e65fb0beff7d5cf5633197d1a') in 0.004036 seconds
  Import took 0.026939 seconds .

========================================================================
Received Import Request.
  Time since last request: 43.308123 seconds.
  path: Assets/Resources/VFX/BlockBreak.prefab
  artifactKey: Guid(1bac44589f4a4b54fb6f4d7d696e111d) Importer(815301076,1909f56bfc062723c751e8b465ee728b)
Start importing Assets/Resources/VFX/BlockBreak.prefab using Guid(1bac44589f4a4b54fb6f4d7d696e111d) Importer(815301076,1909f56bfc062723c751e8b465ee728b)  -> (artifact id: '58c34cc68590a4baf0c04bc6219da0f2') in 0.003900 seconds
  Import took 0.018597 seconds .

========================================================================
Received Prepare
Registering precompiled user dll's ...
Registered in 0.004382 seconds.
Begin MonoManager ReloadAssembly
Native extension for WindowsStandalone target not found
Refreshing native plugins compatible for Editor in 0.61 ms, found 0 plugins.
Preloading 0 native plugins for Editor in 0.00 ms.
Invoked RoslynAnalysisRunner static constructor.
RoslynAnalysisRunner will not be running.
RoslynAnalysisRunner has terminated.
Mono: successfully reloaded assembly
- Completed reload, in  1.276 seconds
Platform modules already initialized, skipping
Shader 'Universal Render Pipeline/Particles/Lit': fallback shader 'Universal Render Pipeline/Particles/SimpleLit' not found
Refreshing native plugins compatible for Editor in 0.55 ms, found 0 plugins.
Preloading 0 native plugins for Editor in 0.00 ms.
Unloading 3137 Unused Serialized files (Serialized files now loaded: 0)
System memory in use before: 160.0 MB.
System memory in use after: 160.3 MB.

Unloading 10 unused Assets to reduce memory usage. Loaded Objects now: 4596.
Total: 5.102300 ms (FindLiveObjects: 0.915100 ms CreateObjectMapping: 0.434700 ms MarkObjects: 3.729700 ms  DeleteObjects: 0.021400 ms)

========================================================================
Received Import Request.
  Time since last request: 72.924486 seconds.
  path: Assets/Resources/VFX/BlockBreak.prefab
  artifactKey: Guid(1bac44589f4a4b54fb6f4d7d696e111d) Importer(815301076,1909f56bfc062723c751e8b465ee728b)
Start importing Assets/Resources/VFX/BlockBreak.prefab using Guid(1bac44589f4a4b54fb6f4d7d696e111d) Importer(815301076,1909f56bfc062723c751e8b465ee728b)  -> (artifact id: 'a4525fa31393b95981bc6e0f1adbe4fd') in 0.037790 seconds
  Import took 0.045288 seconds .

========================================================================
Received Import Request.
  Time since last request: 2.141878 seconds.
  path: Assets/Resources/VFX/BlockBreak.prefab
  artifactKey: Guid(1bac44589f4a4b54fb6f4d7d696e111d) Importer(815301076,1909f56bfc062723c751e8b465ee728b)
Start importing Assets/Resources/VFX/BlockBreak.prefab using Guid(1bac44589f4a4b54fb6f4d7d696e111d) Importer(815301076,1909f56bfc062723c751e8b465ee728b)  -> (artifact id: '1a54120388388bd91cc23bd35478a149') in 0.005531 seconds
  Import took 0.020247 seconds .

========================================================================
Received Import Request.
  Time since last request: 7.985122 seconds.
  path: Assets/Resources/VFX/BlockBreak.prefab
  artifactKey: Guid(1bac44589f4a4b54fb6f4d7d696e111d) Importer(815301076,1909f56bfc062723c751e8b465ee728b)
Start importing Assets/Resources/VFX/BlockBreak.prefab using Guid(1bac44589f4a4b54fb6f4d7d696e111d) Importer(815301076,1909f56bfc062723c751e8b465ee728b)  -> (artifact id: 'a6e0af4057bf0339f2ecaaf70f968488') in 0.004056 seconds
  Import took 0.030373 seconds .

========================================================================
Received Import Request.
  Time since last request: 10.907971 seconds.
  path: Assets/Resources/VFX/BlockBreak.prefab
  artifactKey: Guid(1bac44589f4a4b54fb6f4d7d696e111d) Importer(815301076,1909f56bfc062723c751e8b465ee728b)
Start importing Assets/Resources/VFX/BlockBreak.prefab using Guid(1bac44589f4a4b54fb6f4d7d696e111d) Importer(815301076,1909f56bfc062723c751e8b465ee728b)  -> (artifact id: '348a83b64068b01867e423fccec3dbea') in 0.004444 seconds
  Import took 0.027641 seconds .

========================================================================
Received Import Request.
  Time since last request: 2.690031 seconds.
  path: Assets/Resources/VFX/BlockBreak.prefab
  artifactKey: Guid(1bac44589f4a4b54fb6f4d7d696e111d) Importer(815301076,1909f56bfc062723c751e8b465ee728b)
Start importing Assets/Resources/VFX/BlockBreak.prefab using Guid(1bac44589f4a4b54fb6f4d7d696e111d) Importer(815301076,1909f56bfc062723c751e8b465ee728b)  -> (artifact id: '36012d3a0ad3b6c2ea5ba585715e6d84') in 0.004175 seconds
  Import took 0.011414 seconds .

========================================================================
Received Import Request.
  Time since last request: 13.297095 seconds.
  path: Assets/Resources/VFX/BlockBreak.prefab
  artifactKey: Guid(1bac44589f4a4b54fb6f4d7d696e111d) Importer(815301076,1909f56bfc062723c751e8b465ee728b)
Start importing Assets/Resources/VFX/BlockBreak.prefab using Guid(1bac44589f4a4b54fb6f4d7d696e111d) Importer(815301076,1909f56bfc062723c751e8b465ee728b)  -> (artifact id: '83faf6eeb44ff37982690b1a5389c1d2') in 0.006193 seconds
  Import took 0.036381 seconds .

========================================================================
Received Import Request.
  Time since last request: 10.548239 seconds.
  path: Assets/Resources/VFX/BlockBreak.prefab
  artifactKey: Guid(1bac44589f4a4b54fb6f4d7d696e111d) Importer(815301076,1909f56bfc062723c751e8b465ee728b)
Start importing Assets/Resources/VFX/BlockBreak.prefab using Guid(1bac44589f4a4b54fb6f4d7d696e111d) Importer(815301076,1909f56bfc062723c751e8b465ee728b)  -> (artifact id: '3df2654503f2b02a79a2d8f0eb18b947') in 0.005346 seconds
  Import took 0.011468 seconds .

========================================================================
Received Import Request.
  Time since last request: 6.535131 seconds.
  path: Assets/Resources/VFX/BlockBreak.prefab
  artifactKey: Guid(1bac44589f4a4b54fb6f4d7d696e111d) Importer(815301076,1909f56bfc062723c751e8b465ee728b)
Start importing Assets/Resources/VFX/BlockBreak.prefab using Guid(1bac44589f4a4b54fb6f4d7d696e111d) Importer(815301076,1909f56bfc062723c751e8b465ee728b)  -> (artifact id: '85fd2bb24b4e6f9e11b0d544bdfa8ef9') in 0.006161 seconds
  Import took 0.035531 seconds .

========================================================================
Received Import Request.
  Time since last request: 6.041861 seconds.
  path: Assets/Resources/VFX/BlockBreak.prefab
  artifactKey: Guid(1bac44589f4a4b54fb6f4d7d696e111d) Importer(815301076,1909f56bfc062723c751e8b465ee728b)
Start importing Assets/Resources/VFX/BlockBreak.prefab using Guid(1bac44589f4a4b54fb6f4d7d696e111d) Importer(815301076,1909f56bfc062723c751e8b465ee728b)  -> (artifact id: '87ce933c533392a64d96bb23a9b2431f') in 0.005649 seconds
  Import took 0.022752 seconds .

========================================================================
Received Import Request.
  Time since last request: 10.843462 seconds.
  path: Assets/Resources/VFX/BlockBreak.prefab
  artifactKey: Guid(1bac44589f4a4b54fb6f4d7d696e111d) Importer(815301076,1909f56bfc062723c751e8b465ee728b)
Start importing Assets/Resources/VFX/BlockBreak.prefab using Guid(1bac44589f4a4b54fb6f4d7d696e111d) Importer(815301076,1909f56bfc062723c751e8b465ee728b)  -> (artifact id: '8f3f4d87dd32a4ce26ae9bdd133ebcdc') in 0.005939 seconds
  Import took 0.030171 seconds .

========================================================================
Received Import Request.
  Time since last request: 9.277010 seconds.
  path: Assets/Resources/VFX/BlockBreak.prefab
  artifactKey: Guid(1bac44589f4a4b54fb6f4d7d696e111d) Importer(815301076,1909f56bfc062723c751e8b465ee728b)
Start importing Assets/Resources/VFX/BlockBreak.prefab using Guid(1bac44589f4a4b54fb6f4d7d696e111d) Importer(815301076,1909f56bfc062723c751e8b465ee728b)  -> (artifact id: 'c743d05100885eec5d67d0b9c61b4961') in 0.005156 seconds
  Import took 0.030283 seconds .

========================================================================
Received Import Request.
  Time since last request: 1.636265 seconds.
  path: Assets/Resources/VFX/BlockBreak.prefab
  artifactKey: Guid(1bac44589f4a4b54fb6f4d7d696e111d) Importer(815301076,1909f56bfc062723c751e8b465ee728b)
Start importing Assets/Resources/VFX/BlockBreak.prefab using Guid(1bac44589f4a4b54fb6f4d7d696e111d) Importer(815301076,1909f56bfc062723c751e8b465ee728b)  -> (artifact id: '0be3205621d4477020cd747c0869d808') in 0.005034 seconds
  Import took 0.023720 seconds .

========================================================================
Received Import Request.
  Time since last request: 3.925822 seconds.
  path: Assets/Resources/VFX/BlockBreak.prefab
  artifactKey: Guid(1bac44589f4a4b54fb6f4d7d696e111d) Importer(815301076,1909f56bfc062723c751e8b465ee728b)
Start importing Assets/Resources/VFX/BlockBreak.prefab using Guid(1bac44589f4a4b54fb6f4d7d696e111d) Importer(815301076,1909f56bfc062723c751e8b465ee728b)  -> (artifact id: '9bf4d11fcc6b493dd7e377129e3816ac') in 0.004660 seconds
  Import took 0.041788 seconds .

========================================================================
Received Import Request.
  Time since last request: 3.566321 seconds.
  path: Assets/Resources/VFX/BlockBreak.prefab
  artifactKey: Guid(1bac44589f4a4b54fb6f4d7d696e111d) Importer(815301076,1909f56bfc062723c751e8b465ee728b)
Start importing Assets/Resources/VFX/BlockBreak.prefab using Guid(1bac44589f4a4b54fb6f4d7d696e111d) Importer(815301076,1909f56bfc062723c751e8b465ee728b)  -> (artifact id: 'b87560d7ac92d08683bacf7c40cd8676') in 0.004433 seconds
  Import took 0.010787 seconds .

========================================================================
Received Import Request.
  Time since last request: 2.515269 seconds.
  path: Assets/Resources/VFX/BlockBreak.prefab
  artifactKey: Guid(1bac44589f4a4b54fb6f4d7d696e111d) Importer(815301076,1909f56bfc062723c751e8b465ee728b)
Start importing Assets/Resources/VFX/BlockBreak.prefab using Guid(1bac44589f4a4b54fb6f4d7d696e111d) Importer(815301076,1909f56bfc062723c751e8b465ee728b)  -> (artifact id: '8cad1ce0d02ed4cf1c0ba3e23308f778') in 0.004792 seconds
  Import took 0.018793 seconds .

========================================================================
Received Import Request.
  Time since last request: 3.092321 seconds.
  path: Assets/Resources/VFX/BlockBreak.prefab
  artifactKey: Guid(1bac44589f4a4b54fb6f4d7d696e111d) Importer(815301076,1909f56bfc062723c751e8b465ee728b)
Start importing Assets/Resources/VFX/BlockBreak.prefab using Guid(1bac44589f4a4b54fb6f4d7d696e111d) Importer(815301076,1909f56bfc062723c751e8b465ee728b)  -> (artifact id: '036521ffd2abca3333f636295cc55fdb') in 0.004272 seconds
  Import took 0.011750 seconds .

========================================================================
Received Import Request.
  Time since last request: 3.390196 seconds.
  path: Assets/Resources/VFX/BlockBreak.prefab
  artifactKey: Guid(1bac44589f4a4b54fb6f4d7d696e111d) Importer(815301076,1909f56bfc062723c751e8b465ee728b)
Start importing Assets/Resources/VFX/BlockBreak.prefab using Guid(1bac44589f4a4b54fb6f4d7d696e111d) Importer(815301076,1909f56bfc062723c751e8b465ee728b)  -> (artifact id: '8cc178f166215e9877df101674a42928') in 0.004512 seconds
  Import took 0.012255 seconds .

========================================================================
Received Import Request.
  Time since last request: 12.230722 seconds.
  path: Assets/Resources/VFX/BlockBreak.prefab
  artifactKey: Guid(1bac44589f4a4b54fb6f4d7d696e111d) Importer(815301076,1909f56bfc062723c751e8b465ee728b)
Start importing Assets/Resources/VFX/BlockBreak.prefab using Guid(1bac44589f4a4b54fb6f4d7d696e111d) Importer(815301076,1909f56bfc062723c751e8b465ee728b)  -> (artifact id: 'cff53d214954267fe1decc90012b8f51') in 0.004439 seconds
  Import took 0.011807 seconds .

========================================================================
Received Import Request.
  Time since last request: 16.577259 seconds.
  path: Assets/Resources/VFX/BlockBreak.prefab
  artifactKey: Guid(1bac44589f4a4b54fb6f4d7d696e111d) Importer(815301076,1909f56bfc062723c751e8b465ee728b)
Start importing Assets/Resources/VFX/BlockBreak.prefab using Guid(1bac44589f4a4b54fb6f4d7d696e111d) Importer(815301076,1909f56bfc062723c751e8b465ee728b)  -> (artifact id: '0fded0f05886cecadb25561ab9965fe1') in 0.005315 seconds
  Import took 0.025092 seconds .

========================================================================
Received Import Request.
  Time since last request: 23.112867 seconds.
  path: Assets/Resources/VFX/BlockBreak.prefab
  artifactKey: Guid(1bac44589f4a4b54fb6f4d7d696e111d) Importer(815301076,1909f56bfc062723c751e8b465ee728b)
Start importing Assets/Resources/VFX/BlockBreak.prefab using Guid(1bac44589f4a4b54fb6f4d7d696e111d) Importer(815301076,1909f56bfc062723c751e8b465ee728b)  -> (artifact id: 'fbac1e27d12c72df1503cd353b4a7f6e') in 0.004722 seconds
  Import took 0.038269 seconds .

========================================================================
Received Prepare
Registering precompiled user dll's ...
Registered in 0.003483 seconds.
Begin MonoManager ReloadAssembly
Native extension for WindowsStandalone target not found
Refreshing native plugins compatible for Editor in 0.55 ms, found 0 plugins.
Preloading 0 native plugins for Editor in 0.00 ms.
Invoked RoslynAnalysisRunner static constructor.
RoslynAnalysisRunner will not be running.
RoslynAnalysisRunner has terminated.
Mono: successfully reloaded assembly
- Completed reload, in  1.200 seconds
Platform modules already initialized, skipping
Shader 'Universal Render Pipeline/Particles/Lit': fallback shader 'Universal Render Pipeline/Particles/SimpleLit' not found
Refreshing native plugins compatible for Editor in 0.59 ms, found 0 plugins.
Preloading 0 native plugins for Editor in 0.00 ms.
Unloading 3137 Unused Serialized files (Serialized files now loaded: 0)
System memory in use before: 160.0 MB.
System memory in use after: 160.3 MB.

Unloading 10 unused Assets to reduce memory usage. Loaded Objects now: 4599.
Total: 3.808800 ms (FindLiveObjects: 0.956900 ms CreateObjectMapping: 0.323900 ms MarkObjects: 2.485300 ms  DeleteObjects: 0.041500 ms)

========================================================================
Received Prepare
Registering precompiled user dll's ...
Registered in 0.004604 seconds.
Begin MonoManager ReloadAssembly
Native extension for WindowsStandalone target not found
Refreshing native plugins compatible for Editor in 0.49 ms, found 0 plugins.
Preloading 0 native plugins for Editor in 0.00 ms.
Invoked RoslynAnalysisRunner static constructor.
RoslynAnalysisRunner will not be running.
RoslynAnalysisRunner has terminated.
Mono: successfully reloaded assembly
- Completed reload, in  1.266 seconds
Platform modules already initialized, skipping
Shader 'Universal Render Pipeline/Particles/Lit': fallback shader 'Universal Render Pipeline/Particles/SimpleLit' not found
Refreshing native plugins compatible for Editor in 0.50 ms, found 0 plugins.
Preloading 0 native plugins for Editor in 0.00 ms.
Unloading 3137 Unused Serialized files (Serialized files now loaded: 0)
System memory in use before: 160.0 MB.
System memory in use after: 160.3 MB.

Unloading 10 unused Assets to reduce memory usage. Loaded Objects now: 4602.
Total: 3.161000 ms (FindLiveObjects: 0.480500 ms CreateObjectMapping: 0.163800 ms MarkObjects: 2.480500 ms  DeleteObjects: 0.035200 ms)

